h:\learningopengl\opengl\opengl\debug\vc141.pdb
h:\learningopengl\opengl\opengl\debug\vc141.idb
h:\learningopengl\opengl\opengl\debug\vertexbuffer.obj
h:\learningopengl\opengl\opengl\debug\vertexarray.obj
h:\learningopengl\opengl\opengl\debug\stb_image.obj
h:\learningopengl\opengl\opengl\debug\imgui_impl_glfw_gl3.obj
h:\learningopengl\opengl\opengl\debug\imgui_draw.obj
h:\learningopengl\opengl\opengl\debug\imgui_demo.obj
h:\learningopengl\opengl\opengl\debug\imgui.obj
h:\learningopengl\opengl\opengl\debug\glm.obj
h:\learningopengl\opengl\opengl\debug\texture.obj
h:\learningopengl\opengl\opengl\debug\testclearcolor.obj
h:\learningopengl\opengl\opengl\debug\shader.obj
h:\learningopengl\opengl\opengl\debug\renderer.obj
h:\learningopengl\opengl\opengl\debug\indexbuffer.obj
h:\learningopengl\opengl\opengl\debug\application.obj
h:\learningopengl\opengl\opengl\debug\test.obj
h:\learningopengl\opengl\debug\opengl.exe
h:\learningopengl\opengl\debug\opengl.ilk
h:\learningopengl\opengl\debug\opengl.pdb
h:\learningopengl\opengl\opengl\debug\opengl.tlog\cl.command.1.tlog
h:\learningopengl\opengl\opengl\debug\opengl.tlog\cl.read.1.tlog
h:\learningopengl\opengl\opengl\debug\opengl.tlog\cl.write.1.tlog
h:\learningopengl\opengl\opengl\debug\opengl.tlog\link.command.1.tlog
h:\learningopengl\opengl\opengl\debug\opengl.tlog\link.read.1.tlog
h:\learningopengl\opengl\opengl\debug\opengl.tlog\link.write.1.tlog
